<?xml version="1.0" encoding="UTF-8"?>
<testng-results skipped="0" failed="0" ignored="0" total="3" passed="3">
  <reporter-output>
  </reporter-output>
  <suite name="Default suite" duration-ms="459" started-at="2018-03-05T13:53:52Z" finished-at="2018-03-05T13:53:52Z">
    <groups>
    </groups>
    <test name="Default test" duration-ms="459" started-at="2018-03-05T13:53:52Z" finished-at="2018-03-05T13:53:52Z">
      <class name="net.ed.DataAccess_Test">
        <test-method status="PASS" signature="connectToDB()[pri:0, instance:net.ed.DataAccess_Test@6a1aab78]" name="connectToDB" is-config="true" duration-ms="350" started-at="2018-03-05T13:53:52Z" finished-at="2018-03-05T13:53:52Z">
          <reporter-output>
          </reporter-output>
        </test-method> <!-- connectToDB -->
        <test-method status="PASS" signature="connectToDB_Test()[pri:1, instance:net.ed.DataAccess_Test@6a1aab78]" name="connectToDB_Test" duration-ms="8" started-at="2018-03-05T13:53:52Z" finished-at="2018-03-05T13:53:52Z">
          <reporter-output>
          </reporter-output>
        </test-method> <!-- connectToDB_Test -->
        <test-method status="PASS" signature="readData_Test()[pri:2, instance:net.ed.DataAccess_Test@6a1aab78]" name="readData_Test" duration-ms="8" started-at="2018-03-05T13:53:52Z" finished-at="2018-03-05T13:53:52Z">
          <reporter-output>
          </reporter-output>
        </test-method> <!-- readData_Test -->
        <test-method status="PASS" signature="addNewStock()[pri:3, instance:net.ed.DataAccess_Test@6a1aab78]" name="addNewStock" duration-ms="26" started-at="2018-03-05T13:53:52Z" finished-at="2018-03-05T13:53:52Z">
          <reporter-output>
          </reporter-output>
        </test-method> <!-- addNewStock -->
      </class> <!-- net.ed.DataAccess_Test -->
    </test> <!-- Default test -->
  </suite> <!-- Default suite -->
</testng-results>
