<?xml version="1.0" encoding="UTF-8"?>
<testng-results skipped="0" failed="0" ignored="0" total="1" passed="1">
  <reporter-output>
  </reporter-output>
  <suite name="Default suite" duration-ms="10075" started-at="2018-03-01T18:56:05Z" finished-at="2018-03-01T18:56:15Z">
    <groups>
    </groups>
    <test name="Default test" duration-ms="10075" started-at="2018-03-01T18:56:05Z" finished-at="2018-03-01T18:56:15Z">
      <class name="net.ed.YahooFinanceScraper_Test">
        <test-method status="PASS" signature="launchBrowser()[pri:0, instance:net.ed.YahooFinanceScraper_Test@757942a1]" name="launchBrowser" is-config="true" duration-ms="3151" started-at="2018-03-01T18:56:05Z" finished-at="2018-03-01T18:56:08Z">
          <reporter-output>
          </reporter-output>
        </test-method> <!-- launchBrowser -->
        <test-method status="PASS" signature="getURL_Test()[pri:1, instance:net.ed.YahooFinanceScraper_Test@757942a1]" name="getURL_Test" duration-ms="2795" started-at="2018-03-01T18:56:08Z" finished-at="2018-03-01T18:56:11Z">
          <reporter-output>
          </reporter-output>
        </test-method> <!-- getURL_Test -->
        <test-method status="PASS" signature="terminateBrowser()[pri:0, instance:net.ed.YahooFinanceScraper_Test@757942a1]" name="terminateBrowser" is-config="true" duration-ms="4097" started-at="2018-03-01T18:56:11Z" finished-at="2018-03-01T18:56:15Z">
          <reporter-output>
          </reporter-output>
        </test-method> <!-- terminateBrowser -->
      </class> <!-- net.ed.YahooFinanceScraper_Test -->
    </test> <!-- Default test -->
  </suite> <!-- Default suite -->
</testng-results>
