<?xml version="1.0" encoding="UTF-8"?>
<testng-results skipped="0" failed="0" ignored="0" total="5" passed="5">
  <reporter-output>
  </reporter-output>
  <suite name="Default suite" duration-ms="87241" started-at="2018-03-03T03:14:03Z" finished-at="2018-03-03T03:15:30Z">
    <groups>
    </groups>
    <test name="Default test" duration-ms="87241" started-at="2018-03-03T03:14:03Z" finished-at="2018-03-03T03:15:30Z">
      <class name="net.ed.YahooFinanceScraper_Test">
        <test-method status="PASS" signature="launchBrowser()[pri:0, instance:net.ed.YahooFinanceScraper_Test@757942a1]" name="launchBrowser" is-config="true" duration-ms="2072" started-at="2018-03-03T03:14:03Z" finished-at="2018-03-03T03:14:05Z">
          <reporter-output>
          </reporter-output>
        </test-method> <!-- launchBrowser -->
        <test-method status="PASS" signature="getURL_Test()[pri:1, instance:net.ed.YahooFinanceScraper_Test@757942a1]" name="getURL_Test" duration-ms="2774" started-at="2018-03-03T03:14:05Z" finished-at="2018-03-03T03:14:08Z">
          <reporter-output>
          </reporter-output>
        </test-method> <!-- getURL_Test -->
        <test-method status="PASS" signature="getCookies_Test()[pri:2, instance:net.ed.YahooFinanceScraper_Test@757942a1]" name="getCookies_Test" duration-ms="65278" started-at="2018-03-03T03:14:08Z" finished-at="2018-03-03T03:15:13Z">
          <reporter-output>
          </reporter-output>
        </test-method> <!-- getCookies_Test -->
        <test-method status="PASS" signature="getPortfolioURL_Test()[pri:3, instance:net.ed.YahooFinanceScraper_Test@757942a1]" name="getPortfolioURL_Test" duration-ms="1469" started-at="2018-03-03T03:15:13Z" finished-at="2018-03-03T03:15:14Z">
          <reporter-output>
          </reporter-output>
        </test-method> <!-- getPortfolioURL_Test -->
        <test-method status="PASS" signature="scrapeMyTotals_Test()[pri:4, instance:net.ed.YahooFinanceScraper_Test@757942a1]" name="scrapeMyTotals_Test" duration-ms="5758" started-at="2018-03-03T03:15:14Z" finished-at="2018-03-03T03:15:20Z">
          <reporter-output>
          </reporter-output>
        </test-method> <!-- scrapeMyTotals_Test -->
        <test-method status="PASS" signature="scrapeMyData_Test()[pri:5, instance:net.ed.YahooFinanceScraper_Test@757942a1]" name="scrapeMyData_Test" duration-ms="640" started-at="2018-03-03T03:15:20Z" finished-at="2018-03-03T03:15:21Z">
          <reporter-output>
          </reporter-output>
        </test-method> <!-- scrapeMyData_Test -->
        <test-method status="PASS" signature="terminateBrowser()[pri:0, instance:net.ed.YahooFinanceScraper_Test@757942a1]" name="terminateBrowser" is-config="true" duration-ms="9215" started-at="2018-03-03T03:15:21Z" finished-at="2018-03-03T03:15:30Z">
          <reporter-output>
          </reporter-output>
        </test-method> <!-- terminateBrowser -->
      </class> <!-- net.ed.YahooFinanceScraper_Test -->
    </test> <!-- Default test -->
  </suite> <!-- Default suite -->
</testng-results>
