<?xml version="1.0" encoding="UTF-8"?>
<testng-results skipped="0" failed="0" ignored="0" total="1" passed="1">
  <reporter-output>
  </reporter-output>
  <suite name="Default suite" duration-ms="4789" started-at="2018-03-01T17:00:45Z" finished-at="2018-03-01T17:00:50Z">
    <groups>
    </groups>
    <test name="Default test" duration-ms="4789" started-at="2018-03-01T17:00:45Z" finished-at="2018-03-01T17:00:50Z">
      <class name="net.ed.LoginServletTest">
        <test-method status="PASS" signature="launchBrowser()[pri:0, instance:net.ed.LoginServletTest@757942a1]" name="launchBrowser" is-config="true" duration-ms="4595" started-at="2018-03-01T17:00:45Z" finished-at="2018-03-01T17:00:50Z">
          <reporter-output>
          </reporter-output>
        </test-method> <!-- launchBrowser -->
        <test-method status="PASS" signature="doGetTest()[pri:0, instance:net.ed.LoginServletTest@757942a1]" name="doGetTest" duration-ms="37" started-at="2018-03-01T17:00:50Z" finished-at="2018-03-01T17:00:50Z">
          <reporter-output>
          </reporter-output>
        </test-method> <!-- doGetTest -->
        <test-method status="PASS" signature="terminateBrowser()[pri:0, instance:net.ed.LoginServletTest@757942a1]" name="terminateBrowser" is-config="true" duration-ms="128" started-at="2018-03-01T17:00:50Z" finished-at="2018-03-01T17:00:50Z">
          <reporter-output>
          </reporter-output>
        </test-method> <!-- terminateBrowser -->
      </class> <!-- net.ed.LoginServletTest -->
    </test> <!-- Default test -->
  </suite> <!-- Default suite -->
</testng-results>
