<?xml version="1.0" encoding="UTF-8"?>
<testng-results skipped="0" failed="0" ignored="0" total="4" passed="4">
  <reporter-output>
  </reporter-output>
  <suite name="Default suite" duration-ms="19210" started-at="2018-03-01T18:26:18Z" finished-at="2018-03-01T18:26:37Z">
    <groups>
    </groups>
    <test name="Default test" duration-ms="19210" started-at="2018-03-01T18:26:18Z" finished-at="2018-03-01T18:26:37Z">
      <class name="net.ed.LoginServletTest">
        <test-method status="PASS" signature="launchBrowser()[pri:0, instance:net.ed.LoginServletTest@757942a1]" name="launchBrowser" is-config="true" duration-ms="3661" started-at="2018-03-01T18:26:18Z" finished-at="2018-03-01T18:26:21Z">
          <reporter-output>
          </reporter-output>
        </test-method> <!-- launchBrowser -->
        <test-method status="PASS" signature="getURL_Test()[pri:1, instance:net.ed.LoginServletTest@757942a1]" name="getURL_Test" duration-ms="2633" started-at="2018-03-01T18:26:21Z" finished-at="2018-03-01T18:26:24Z">
          <reporter-output>
          </reporter-output>
        </test-method> <!-- getURL_Test -->
        <test-method status="PASS" signature="enterUserName_Test()[pri:2, instance:net.ed.LoginServletTest@757942a1]" name="enterUserName_Test" duration-ms="1317" started-at="2018-03-01T18:26:24Z" finished-at="2018-03-01T18:26:25Z">
          <reporter-output>
          </reporter-output>
        </test-method> <!-- enterUserName_Test -->
        <test-method status="PASS" signature="enterPassword_Test()[pri:3, instance:net.ed.LoginServletTest@757942a1]" name="enterPassword_Test" duration-ms="7333" started-at="2018-03-01T18:26:25Z" finished-at="2018-03-01T18:26:33Z">
          <reporter-output>
          </reporter-output>
        </test-method> <!-- enterPassword_Test -->
        <test-method status="PASS" signature="getCookies_Test()[pri:4, instance:net.ed.LoginServletTest@757942a1]" name="getCookies_Test" duration-ms="55" started-at="2018-03-01T18:26:33Z" finished-at="2018-03-01T18:26:33Z">
          <reporter-output>
          </reporter-output>
        </test-method> <!-- getCookies_Test -->
        <test-method status="PASS" signature="terminateBrowser()[pri:0, instance:net.ed.LoginServletTest@757942a1]" name="terminateBrowser" is-config="true" duration-ms="4170" started-at="2018-03-01T18:26:33Z" finished-at="2018-03-01T18:26:37Z">
          <reporter-output>
          </reporter-output>
        </test-method> <!-- terminateBrowser -->
      </class> <!-- net.ed.LoginServletTest -->
    </test> <!-- Default test -->
  </suite> <!-- Default suite -->
</testng-results>
