<?xml version="1.0" encoding="UTF-8"?>
<testng-results skipped="0" failed="0" ignored="0" total="1" passed="1">
  <reporter-output>
  </reporter-output>
  <suite name="Default suite" duration-ms="4535" started-at="2018-03-01T16:38:21Z" finished-at="2018-03-01T16:38:26Z">
    <groups>
    </groups>
    <test name="Default test" duration-ms="4535" started-at="2018-03-01T16:38:21Z" finished-at="2018-03-01T16:38:26Z">
      <class name="net.ed.LoginServletTest">
        <test-method status="PASS" signature="doGetTest()[pri:0, instance:net.ed.LoginServletTest@87f383f]" name="doGetTest" duration-ms="4488" started-at="2018-03-01T16:38:21Z" finished-at="2018-03-01T16:38:26Z">
          <reporter-output>
          </reporter-output>
        </test-method> <!-- doGetTest -->
      </class> <!-- net.ed.LoginServletTest -->
    </test> <!-- Default test -->
  </suite> <!-- Default suite -->
</testng-results>
