<?xml version="1.0" encoding="UTF-8"?>
<testng-results skipped="0" failed="0" ignored="0" total="5" passed="5">
  <reporter-output>
  </reporter-output>
  <suite name="Default suite" duration-ms="93607" started-at="2018-03-04T02:11:14Z" finished-at="2018-03-04T02:12:48Z">
    <groups>
    </groups>
    <test name="Default test" duration-ms="93607" started-at="2018-03-04T02:11:14Z" finished-at="2018-03-04T02:12:48Z">
      <class name="net.ed.YahooFinanceScraper_Test">
        <test-method status="PASS" signature="launchBrowser()[pri:0, instance:net.ed.YahooFinanceScraper_Test@757942a1]" name="launchBrowser" is-config="true" duration-ms="2180" started-at="2018-03-04T02:11:14Z" finished-at="2018-03-04T02:11:16Z">
          <reporter-output>
          </reporter-output>
        </test-method> <!-- launchBrowser -->
        <test-method status="PASS" signature="getURL_Test()[pri:1, instance:net.ed.YahooFinanceScraper_Test@757942a1]" name="getURL_Test" duration-ms="3523" started-at="2018-03-04T02:11:16Z" finished-at="2018-03-04T02:11:20Z">
          <reporter-output>
          </reporter-output>
        </test-method> <!-- getURL_Test -->
        <test-method status="PASS" signature="getCookies_Test()[pri:2, instance:net.ed.YahooFinanceScraper_Test@757942a1]" name="getCookies_Test" duration-ms="72251" started-at="2018-03-04T02:11:20Z" finished-at="2018-03-04T02:12:32Z">
          <reporter-output>
          </reporter-output>
        </test-method> <!-- getCookies_Test -->
        <test-method status="PASS" signature="getMyPortfolioPage_Test()[pri:3, instance:net.ed.YahooFinanceScraper_Test@757942a1]" name="getMyPortfolioPage_Test" duration-ms="1494" started-at="2018-03-04T02:12:32Z" finished-at="2018-03-04T02:12:34Z">
          <reporter-output>
          </reporter-output>
        </test-method> <!-- getMyPortfolioPage_Test -->
        <test-method status="PASS" signature="scrapeMyTotals_Test()[pri:4, instance:net.ed.YahooFinanceScraper_Test@757942a1]" name="scrapeMyTotals_Test" duration-ms="4351" started-at="2018-03-04T02:12:34Z" finished-at="2018-03-04T02:12:38Z">
          <reporter-output>
          </reporter-output>
        </test-method> <!-- scrapeMyTotals_Test -->
        <test-method status="PASS" signature="scrapeMyData_Test()[pri:5, instance:net.ed.YahooFinanceScraper_Test@757942a1]" name="scrapeMyData_Test" duration-ms="635" started-at="2018-03-04T02:12:38Z" finished-at="2018-03-04T02:12:39Z">
          <reporter-output>
          </reporter-output>
        </test-method> <!-- scrapeMyData_Test -->
        <test-method status="PASS" signature="terminateBrowser()[pri:0, instance:net.ed.YahooFinanceScraper_Test@757942a1]" name="terminateBrowser" is-config="true" duration-ms="9145" started-at="2018-03-04T02:12:39Z" finished-at="2018-03-04T02:12:48Z">
          <reporter-output>
          </reporter-output>
        </test-method> <!-- terminateBrowser -->
      </class> <!-- net.ed.YahooFinanceScraper_Test -->
    </test> <!-- Default test -->
  </suite> <!-- Default suite -->
</testng-results>
